Determining if the pthread_create exist failed with the following output:
Change Dir: /home/adbidwai/Desktop/github_repos/Reading-Course-2020/rc_ws/build/navros_pkg/CMakeFiles/CMakeTmp

Run Build Command:"/usr/bin/make" "cmTC_7c8be/fast"
/usr/bin/make -f CMakeFiles/cmTC_7c8be.dir/build.make CMakeFiles/cmTC_7c8be.dir/build
make[1]: Entering directory '/home/adbidwai/Desktop/github_repos/Reading-Course-2020/rc_ws/build/navros_pkg/CMakeFiles/CMakeTmp'
Building C object CMakeFiles/cmTC_7c8be.dir/CheckSymbolExists.c.o
/usr/lib/ccache/cc    -o CMakeFiles/cmTC_7c8be.dir/CheckSymbolExists.c.o   -c /home/adbidwai/Desktop/github_repos/Reading-Course-2020/rc_ws/build/navros_pkg/CMakeFiles/CMakeTmp/CheckSymbolExists.c
Linking C executable cmTC_7c8be
/usr/bin/cmake -E cmake_link_script CMakeFiles/cmTC_7c8be.dir/link.txt --verbose=1
/usr/lib/ccache/cc      -rdynamic CMakeFiles/cmTC_7c8be.dir/CheckSymbolExists.c.o  -o cmTC_7c8be 
CMakeFiles/cmTC_7c8be.dir/CheckSymbolExists.c.o: In function `main':
CheckSymbolExists.c:(.text+0x1b): undefined reference to `pthread_create'
collect2: error: ld returned 1 exit status
CMakeFiles/cmTC_7c8be.dir/build.make:97: recipe for target 'cmTC_7c8be' failed
make[1]: *** [cmTC_7c8be] Error 1
make[1]: Leaving directory '/home/adbidwai/Desktop/github_repos/Reading-Course-2020/rc_ws/build/navros_pkg/CMakeFiles/CMakeTmp'
Makefile:126: recipe for target 'cmTC_7c8be/fast' failed
make: *** [cmTC_7c8be/fast] Error 2

File /home/adbidwai/Desktop/github_repos/Reading-Course-2020/rc_ws/build/navros_pkg/CMakeFiles/CMakeTmp/CheckSymbolExists.c:
/* */
#include <pthread.h>

int main(int argc, char** argv)
{
  (void)argv;
#ifndef pthread_create
  return ((int*)(&pthread_create))[argc];
#else
  (void)argc;
  return 0;
#endif
}

Determining if the function pthread_create exists in the pthreads failed with the following output:
Change Dir: /home/adbidwai/Desktop/github_repos/Reading-Course-2020/rc_ws/build/navros_pkg/CMakeFiles/CMakeTmp

Run Build Command:"/usr/bin/make" "cmTC_08bed/fast"
/usr/bin/make -f CMakeFiles/cmTC_08bed.dir/build.make CMakeFiles/cmTC_08bed.dir/build
make[1]: Entering directory '/home/adbidwai/Desktop/github_repos/Reading-Course-2020/rc_ws/build/navros_pkg/CMakeFiles/CMakeTmp'
Building C object CMakeFiles/cmTC_08bed.dir/CheckFunctionExists.c.o
/usr/lib/ccache/cc   -DCHECK_FUNCTION_EXISTS=pthread_create   -o CMakeFiles/cmTC_08bed.dir/CheckFunctionExists.c.o   -c /usr/share/cmake-3.10/Modules/CheckFunctionExists.c
Linking C executable cmTC_08bed
/usr/bin/cmake -E cmake_link_script CMakeFiles/cmTC_08bed.dir/link.txt --verbose=1
/usr/lib/ccache/cc  -DCHECK_FUNCTION_EXISTS=pthread_create    -rdynamic CMakeFiles/cmTC_08bed.dir/CheckFunctionExists.c.o  -o cmTC_08bed -lpthreads 
/usr/bin/ld: cannot find -lpthreads
collect2: error: ld returned 1 exit status
CMakeFiles/cmTC_08bed.dir/build.make:97: recipe for target 'cmTC_08bed' failed
make[1]: *** [cmTC_08bed] Error 1
make[1]: Leaving directory '/home/adbidwai/Desktop/github_repos/Reading-Course-2020/rc_ws/build/navros_pkg/CMakeFiles/CMakeTmp'
Makefile:126: recipe for target 'cmTC_08bed/fast' failed
make: *** [cmTC_08bed/fast] Error 2


